<?xml version="1.0" encoding="UTF-8"?>
<!-- Generated by org.testng.reporters.JUnitReportReporter -->
<testsuite hostname="DESKTOP-53F05T1" failures="0" tests="4" name="com.acti.testcase.LoginPageTest" time="18.341" errors="0" timestamp="28 Nov 2022 18:05:23 GMT" skipped="0">
  <testcase classname="com.acti.testcase.LoginPageTest" name="testLoginPageTitle" time="4.638"/>
  <testcase classname="com.acti.testcase.LoginPageTest" name="testLoginPageImg" time="4.217"/>
  <testcase classname="com.acti.testcase.LoginPageTest" name="testForgotPasswordLink" time="4.272"/>
  <testcase classname="com.acti.testcase.LoginPageTest" name="testLoginFunction" time="5.214"/>
</testsuite> <!-- com.acti.testcase.LoginPageTest -->
